./directoryBagger.sh: line 16: /bagging/tricerabagger/logs/tricerabagger.txt: No such file or directory
tee: /bagging/tricerabagger/logs/tricerabagger.txt: No such file or directory
Thu Sep 14 14:14:14 EDT 2017: Tricerabagger will now process the Test bag of Audio Content data into a bag and TAR it. This may take awhile, output is logged in /bagging/tricerabagger/logs/tricerabagger.txt.
./directoryBagger.sh: line 20: /bagging/tricerabagger/logs/tricerabagger.txt: No such file or directory
./directoryBagger.sh: line 24: aptrust-info.txt: Permission denied
./directoryBagger.sh: line 25: aptrust-info.txt: Permission denied
./directoryBagger.sh: line 30: /bagging/tricerabagger/logs/tricerabagger.txt: No such file or directory
./directoryBagger.sh: line 31: /bagging/tricerabagger/logs/tricerabagger.txt: No such file or directory
./directoryBagger.sh: line 32: /bagging/tricerabagger/logs/tricerabagger.txt: No such file or directory
tee: /bagging/tricerabagger/logs/tricerabagger.txt: No such file or directory
psu.edu.audioTest.2017-09-14.tar has been created.
./directoryBagger.sh: line 36: /bagging/tricerabagger/logs/sentBags.txt: No such file or directory
tee: /bagging/tricerabagger/logs/tricerabagger.txt: No such file or directory
Thu Sep 14 14:14:15 EDT 2017: Tricerabagger is done.
Fri Sep 15 10:47:43 EDT 2017: Tricerabagger will now process the Test bag of Audio Content data into a bag and TAR it. This may take awhile, output is logged in /bagging/tricerabagger/logs/tricerabagger.txt.
psu.edu.videoTest.2017-09-15.tar has been created.
Fri Sep 15 11:48:29 EDT 2017: Tricerabagger is done.
Fri Sep 15 11:54:10 EDT 2017: Tricerabagger will now process the Test bag of Image Content data into a bag and TAR it. This may take awhile, output is logged in /bagging/tricerabagger/logs/tricerabagger.txt.
psu.edu.imageTest.2017-09-15.tar has been created.
Fri Sep 15 12:05:06 EDT 2017: Tricerabagger is done.
Fri Sep 15 12:06:31 EDT 2017: Tricerabagger will now process the Test bag of Mixed Content data into a bag and TAR it. This may take awhile, output is logged in /bagging/tricerabagger/logs/tricerabagger.txt.
psu.edu.mixedTest.2017-09-15.tar has been created.
Fri Sep 15 12:22:20 EDT 2017: Tricerabagger is done.
Sorry, try again.
Fri Sep 15 14:31:09 EDT 2017: Tricerabagger will now process the Test bag of Document Content data into a bag and TAR it. This may take awhile, output is logged in /bagging/tricerabagger/logs/tricerabagger.txt.
psu.edu.documentTest.2017-09-15.tar has been created.
Fri Sep 15 14:49:39 EDT 2017: Tricerabagger is done.
Fri Sep 15 16:17:23 EDT 2017: Tricerabagger will now process the Test bag of mixed Content data into a bag and TAR it. This may take awhile, output is logged in /bagging/tricerabagger/logs/tricerabagger.txt.
psu.edu.mixedTest.2017-09-15.tar has been created.
Fri Sep 15 16:31:39 EDT 2017: Tricerabagger is done.
Fri Sep 15 16:32:21 EDT 2017: Tricerabagger will now process the Test bag of video Content data into a bag and TAR it. This may take awhile, output is logged in /bagging/tricerabagger/logs/tricerabagger.txt.
psu.edu.videoTest.2017-09-15.tar has been created.
Fri Sep 15 17:23:20 EDT 2017: Tricerabagger is done.
